<?xml version="1.0" encoding="UTF-8"?>
<robot generator="Robot 5.0.1 (Python 3.10.6 on win32)" generated="20221002 23:16:34.200" rpa="false" schemaversion="3">
<suite id="s1" name="Test" source="C:\Users\00005803\Desktop\Robot framework tutorials\test.robot">
<test id="s1-t1" name="test using tags AEND documentation" line="119">
<kw name="Log To Console" library="BuiltIn">
<arg>Jakarta</arg>
<doc>Logs the given message to the console.</doc>
<status status="PASS" starttime="20221002 23:16:34.596" endtime="20221002 23:16:34.596"/>
</kw>
<doc>HETRA</doc>
<tag>Pelosi</tag>
<status status="PASS" starttime="20221002 23:16:34.590" endtime="20221002 23:16:34.596"/>
</test>
<status status="PASS" starttime="20221002 23:16:34.215" endtime="20221002 23:16:34.598"/>
</suite>
<statistics>
<total>
<stat pass="1" fail="0" skip="0">All Tests</stat>
</total>
<tag>
<stat pass="1" fail="0" skip="0">Pelosi</stat>
</tag>
<suite>
<stat pass="1" fail="0" skip="0" id="s1" name="Test">Test</stat>
</suite>
</statistics>
<errors>
</errors>
</robot>
